0 info it worked if it ends with ok
1 verbose cli [ '/usr/bin/nodejs', '/usr/bin/npm', '-g', 'install' ]
2 info using npm@1.3.10
3 info using node@v0.10.25
4 verbose cache add [ '.', null ]
5 verbose cache add name=undefined spec="." args=[".",null]
6 verbose parsed url { protocol: null,
6 verbose parsed url   slashes: null,
6 verbose parsed url   auth: null,
6 verbose parsed url   host: null,
6 verbose parsed url   port: null,
6 verbose parsed url   hostname: null,
6 verbose parsed url   hash: null,
6 verbose parsed url   search: null,
6 verbose parsed url   query: null,
6 verbose parsed url   pathname: '.',
6 verbose parsed url   path: '.',
6 verbose parsed url   href: '.' }
7 silly lockFile 3a52ce78- .
8 verbose lock . /home/dan/.npm/3a52ce78-.lock
9 silly lockFile 3a52ce78- .
10 silly lockFile 3a52ce78- .
11 error addLocal Could not install .
12 error Error: No name provided
12 error     at needName (/usr/share/npm/lib/cache.js:1232:37)
12 error     at /usr/share/npm/lib/cache.js:1111:10
12 error     at /usr/lib/nodejs/read-package-json/read-json.js:50:40
12 error     at final (/usr/lib/nodejs/read-package-json/read-json.js:317:17)
12 error     at then (/usr/lib/nodejs/read-package-json/read-json.js:124:33)
12 error     at /usr/lib/nodejs/read-package-json/read-json.js:299:40
12 error     at fs.js:268:14
12 error     at /usr/lib/nodejs/graceful-fs/graceful-fs.js:103:5
12 error     at Object.oncomplete (fs.js:107:15)
13 error If you need help, you may report this log at:
13 error     <http://github.com/isaacs/npm/issues>
13 error or email it to:
13 error     <npm-@googlegroups.com>
14 error System Linux 3.13.0-35-generic
15 error command "/usr/bin/nodejs" "/usr/bin/npm" "-g" "install"
16 error cwd /home/dan/coding/personal/TextToMath
17 error node -v v0.10.25
18 error npm -v 1.3.10
19 verbose exit [ 1, true ]
